=/pretest.json
{
  _: [],
  f: [
    '/home/keshav/OneDrive/UbuntuSync/VLabs/exp-random-variables-iiith/experiment/pretest.json'
  ],
  files: [
    '/home/keshav/OneDrive/UbuntuSync/VLabs/exp-random-variables-iiith/experiment/pretest.json'
  ],
  c: 'assessment',
  contentTypes: 'assessment',
  'content-types': 'assessment',
  '$0': 'validate'
}
Validated true
=/posttest.json
{
  _: [],
  f: [
    '/home/keshav/OneDrive/UbuntuSync/VLabs/exp-random-variables-iiith/experiment/posttest.json'
  ],
  files: [
    '/home/keshav/OneDrive/UbuntuSync/VLabs/exp-random-variables-iiith/experiment/posttest.json'
  ],
  c: 'assessment',
  contentTypes: 'assessment',
  'content-types': 'assessment',
  '$0': 'validate'
}
Validated true
