
/home/keshav/OneDrive/UbuntuSync/VLabs/exp-random-variables-iiith/experiment/simulation/js/inverse-image.js
   87:23  warning  'Chart' is not defined                   no-undef
  103:10  warning  'isNumberKey' is defined but never used  no-unused-vars
  137:10  warning  'verifyAns' is defined but never used    no-unused-vars
  171:5   warning  'c' is not defined                       no-undef
  176:14  warning  'c' is not defined                       no-undef
  179:42  warning  'c' is not defined                       no-undef
  182:14  warning  'c' is not defined                       no-undef
  185:42  warning  'c' is not defined                       no-undef
  188:14  warning  'c' is not defined                       no-undef
  191:42  warning  'c' is not defined                       no-undef
  194:14  warning  'c' is not defined                       no-undef
  197:42  warning  'c' is not defined                       no-undef
  213:33  warning  'c' is not defined                       no-undef
  304:21  warning  'Chart' is not defined                   no-undef

/home/keshav/OneDrive/UbuntuSync/VLabs/exp-random-variables-iiith/experiment/simulation/js/sigma-algebra.js
   11:10  warning  'hide1' is defined but never used   no-unused-vars
   22:10  warning  'hide2' is defined but never used   no-unused-vars
   31:10  warning  'hide3' is defined but never used   no-unused-vars
   42:10  warning  'hide4' is defined but never used   no-unused-vars
   51:10  warning  'check1' is defined but never used  no-unused-vars
   70:10  warning  'check2' is defined but never used  no-unused-vars
  127:10  warning  'page1' is defined but never used   no-unused-vars
  135:10  warning  'page2' is defined but never used   no-unused-vars

/home/keshav/OneDrive/UbuntuSync/VLabs/exp-random-variables-iiith/experiment/simulation/js/valid-rv.js
  27:10  warning  'chooseFunction1' is defined but never used  no-unused-vars
  69:10  warning  'check1' is defined but never used           no-unused-vars

✖ 24 problems (0 errors, 24 warnings)

